SF:lib/places/autocomplete/response/place_autocomplete_matched_substring.dart
DA:13,5
DA:18,2
DA:20,2
DA:22,0
DA:23,0
DA:25,2
DA:28,2
DA:29,6
DA:30,6
DA:32,1
DA:33,5
LF:11
LH:9
end_of_record
SF:lib/places/autocomplete/response/place_autocomplete_prediction.dart
DA:34,5
DA:44,0
DA:45,0
DA:47,2
DA:48,2
DA:50,0
DA:52,2
DA:55,2
DA:56,6
DA:57,6
DA:58,6
DA:59,6
DA:60,6
DA:61,6
DA:62,6
DA:64,1
DA:66,3
DA:67,3
DA:68,3
DA:69,3
DA:70,3
DA:71,3
DA:72,2
LF:23
LH:20
end_of_record
SF:lib/places/autocomplete/response/place_autocomplete_response.dart
DA:23,4
DA:30,2
DA:31,2
DA:33,0
DA:35,2
DA:38,2
DA:39,6
DA:40,6
DA:41,6
DA:42,6
DA:44,1
DA:46,3
DA:47,3
DA:48,3
DA:49,2
LF:15
LH:14
end_of_record
SF:lib/places/autocomplete/response/place_autocomplete_structured_format.dart
DA:22,5
DA:29,2
DA:31,2
DA:33,0
DA:34,0
DA:36,2
DA:39,2
DA:40,6
DA:41,2
DA:42,4
DA:43,6
DA:44,4
DA:45,2
DA:47,1
DA:49,3
DA:50,3
DA:51,3
DA:52,2
LF:18
LH:16
end_of_record
SF:lib/places/autocomplete/response/place_autocomplete_term.dart
DA:14,5
DA:19,2
DA:20,2
DA:22,0
DA:24,2
DA:27,2
DA:28,6
DA:29,6
DA:31,1
DA:32,5
LF:10
LH:9
end_of_record
SF:lib/places/autocomplete/response/places_autocomplete_status.dart
DA:13,2
DA:15,2
DA:17,2
DA:19,2
DA:21,1
DA:23,1
DA:25,1
LF:7
LH:7
end_of_record
SF:lib/google_maps_api.dart
DA:33,3
DA:36,1
DA:37,6
DA:38,3
DA:39,3
LF:5
LH:5
end_of_record
SF:lib/generic/address_component.dart
DA:20,6
DA:26,3
DA:27,3
DA:29,0
DA:31,3
DA:34,3
DA:35,9
DA:36,9
DA:37,9
DA:38,9
DA:40,1
DA:41,8
LF:12
LH:11
end_of_record
SF:lib/generic/bounds.dart
DA:11,6
DA:17,0
DA:18,0
DA:19,0
DA:23,6
DA:24,3
DA:25,15
DA:28,3
DA:29,15
DA:34,3
DA:37,3
DA:38,9
DA:39,9
DA:40,9
DA:42,2
DA:43,10
LF:16
LH:13
end_of_record
SF:lib/generic/geometry.dart
DA:12,6
DA:18,0
DA:19,0
DA:20,0
DA:24,6
DA:25,3
DA:26,15
DA:28,6
DA:31,3
DA:34,3
DA:35,9
DA:36,9
DA:37,9
DA:39,2
DA:40,10
LF:15
LH:12
end_of_record
SF:lib/generic/plus_code.dart
DA:18,6
DA:23,3
DA:24,3
DA:26,0
DA:28,3
DA:31,3
DA:32,9
DA:33,9
DA:34,9
DA:36,2
DA:37,10
LF:11
LH:10
end_of_record
SF:lib/places/places.dart
DA:17,3
DA:36,1
DA:40,1
DA:41,1
DA:44,1
DA:45,2
DA:48,2
DA:50,2
DA:52,2
DA:54,1
DA:56,2
DA:57,1
DA:58,4
DA:81,1
DA:85,1
DA:86,1
DA:89,1
DA:90,2
DA:93,2
DA:95,2
DA:97,2
DA:99,1
DA:101,2
DA:102,0
DA:103,0
LF:25
LH:23
end_of_record
SF:lib/places/autocomplete/request/place_autocomplete_request_options.dart
DA:34,2
DA:46,6
DA:47,1
DA:49,6
DA:50,1
DA:52,8
DA:53,1
DA:55,5
DA:56,1
DA:58,4
DA:59,1
DA:64,2
DA:66,4
DA:69,6
DA:71,2
DA:72,8
DA:73,2
DA:75,6
DA:77,2
DA:78,4
DA:79,1
DA:81,6
DA:83,4
DA:86,4
DA:89,4
DA:91,4
DA:93,2
DA:96,2
DA:97,2
DA:100,4
DA:103,2
DA:104,1
DA:107,2
LF:33
LH:33
end_of_record
SF:lib/places/details/request/place_details_request_options.dart
DA:30,2
DA:39,2
DA:41,6
DA:42,6
DA:43,4
DA:45,4
DA:47,4
DA:49,4
DA:51,2
DA:54,2
DA:55,2
DA:58,4
LF:12
LH:12
end_of_record
SF:lib/places/details/response/place.dart
DA:177,5
DA:220,4
DA:222,0
DA:224,2
DA:227,2
DA:228,6
DA:229,6
DA:230,6
DA:231,6
DA:232,6
DA:233,6
DA:234,6
DA:235,6
DA:236,6
DA:237,6
DA:238,6
DA:239,6
DA:240,6
DA:241,6
DA:242,6
DA:243,6
DA:244,6
DA:245,6
DA:246,6
DA:247,6
DA:248,6
DA:249,6
DA:250,6
DA:251,6
DA:252,6
DA:253,6
DA:254,6
DA:255,6
DA:256,6
DA:257,6
DA:258,6
DA:259,6
DA:260,6
DA:261,6
DA:262,6
DA:263,6
DA:264,6
DA:265,6
DA:266,6
DA:267,6
DA:268,6
DA:270,1
DA:272,3
DA:273,3
DA:274,3
DA:275,3
DA:276,3
DA:277,3
DA:278,3
DA:279,3
DA:280,3
DA:281,3
DA:282,3
DA:283,3
DA:284,3
DA:285,3
DA:286,3
DA:287,3
DA:288,3
DA:289,3
DA:290,3
DA:291,3
DA:292,3
DA:293,3
DA:294,3
DA:295,3
DA:296,3
DA:297,3
DA:298,3
DA:299,3
DA:300,3
DA:301,3
DA:302,3
DA:303,3
DA:304,3
DA:305,3
DA:306,3
DA:307,3
DA:308,3
DA:309,3
DA:310,3
DA:311,2
LF:87
LH:86
end_of_record
SF:lib/places/details/response/place_editorial_summary.dart
DA:16,2
DA:21,1
DA:22,1
DA:24,0
DA:26,1
DA:29,1
DA:30,3
DA:31,3
DA:32,3
DA:34,1
DA:35,5
LF:11
LH:10
end_of_record
SF:lib/places/details/response/place_opening_hours.dart
DA:28,5
DA:38,2
DA:39,2
DA:43,0
DA:45,2
DA:48,2
DA:49,6
DA:50,6
DA:51,6
DA:52,6
DA:53,6
DA:54,6
DA:56,1
DA:58,3
DA:59,3
DA:60,3
DA:61,3
DA:62,2
LF:18
LH:17
end_of_record
SF:lib/places/details/response/place_photo.dart
DA:23,5
DA:30,2
DA:31,2
DA:33,0
DA:35,2
DA:38,2
DA:39,6
DA:40,6
DA:41,6
DA:42,6
DA:43,6
DA:45,1
DA:47,3
DA:48,3
DA:49,3
DA:50,2
LF:16
LH:15
end_of_record
SF:lib/places/details/response/place_review.dart
DA:49,5
DA:62,2
DA:63,2
DA:65,0
DA:67,2
DA:70,2
DA:71,6
DA:72,6
DA:73,6
DA:74,6
DA:75,6
DA:76,6
DA:77,6
DA:78,6
DA:79,6
DA:80,6
DA:81,6
DA:83,1
DA:85,3
DA:86,3
DA:87,3
DA:88,3
DA:89,3
DA:90,3
DA:91,3
DA:92,3
DA:93,3
DA:94,2
LF:28
LH:27
end_of_record
SF:lib/places/details/response/place_details_response.dart
DA:23,4
DA:30,2
DA:31,2
DA:33,0
DA:35,2
DA:38,2
DA:39,6
DA:40,6
DA:41,6
DA:42,6
DA:43,6
DA:45,1
DA:47,3
DA:48,3
DA:49,3
DA:50,2
LF:16
LH:15
end_of_record
SF:lib/places/details/response/place_details_status.dart
DA:14,1
DA:16,1
DA:18,1
DA:20,1
DA:22,1
DA:24,1
DA:26,1
DA:28,1
LF:8
LH:8
end_of_record
SF:lib/places/details/response/place_opening_hours_period.dart
DA:17,5
DA:24,2
DA:25,2
DA:29,0
DA:31,2
DA:34,2
DA:35,6
DA:36,6
DA:37,6
DA:39,1
DA:40,5
LF:11
LH:10
end_of_record
SF:lib/places/details/response/place_special_day.dart
DA:17,2
DA:22,1
DA:23,1
DA:25,0
DA:27,1
DA:30,1
DA:31,3
DA:32,3
DA:33,3
DA:35,1
DA:36,5
LF:11
LH:10
end_of_record
SF:lib/places/details/response/place_opening_hours_period_detail.dart
DA:23,5
DA:32,2
DA:33,2
DA:37,0
DA:39,2
DA:42,2
DA:43,6
DA:44,6
DA:45,6
DA:46,6
DA:47,6
DA:49,1
DA:51,11
LF:13
LH:12
end_of_record
